[Thu Mar 03 13:27:06 MST 2022] - INFO passoff.ServerTest: 	Setting up File Handler Default Test...
[Thu Mar 03 13:27:06 MST 2022] - INFO client.Proxy: 	Clear called
[Thu Mar 03 13:27:06 MST 2022] - INFO client.Client: 	Post without Request Body called
[Thu Mar 03 13:27:06 MST 2022] - INFO client.Client: 	Attempting to open connection to server
[Thu Mar 03 13:27:06 MST 2022] - INFO client.Client: 	Connection opened to server
[Thu Mar 03 13:27:06 MST 2022] - INFO client.Client: 	Setting passoffrequest method to POST
[Thu Mar 03 13:27:06 MST 2022] - INFO client.Client: 	Request method set to POST
[Thu Mar 03 13:27:06 MST 2022] - INFO client.Client: 	Setting Do Output to true
[Thu Mar 03 13:27:06 MST 2022] - INFO client.Client: 	Do Output set to true
[Thu Mar 03 13:27:06 MST 2022] - INFO client.Client: 	Connecting to server
[Thu Mar 03 13:27:06 MST 2022] - INFO client.Client: 	Connected to server
[Thu Mar 03 13:27:06 MST 2022] - INFO client.Client: 	Getting response code from server
[Thu Mar 03 13:27:06 MST 2022] - INFO client.Client: 	Response code 200 returned
[Thu Mar 03 13:27:06 MST 2022] - INFO client.Client: 	Getting input stream from server
[Thu Mar 03 13:27:06 MST 2022] - INFO client.Client: 	Reading input stream into a string
[Thu Mar 03 13:27:06 MST 2022] - INFO passoff.ServerTest: 	Running File Handler Default Test...
[Thu Mar 03 13:27:06 MST 2022] - INFO client.Proxy: 	File called
[Thu Mar 03 13:27:06 MST 2022] - INFO client.Client: 	Get without Auth Token called
[Thu Mar 03 13:27:06 MST 2022] - INFO client.Client: 	Attempting to open connection to server
[Thu Mar 03 13:27:06 MST 2022] - INFO client.Client: 	Connection opened to server
[Thu Mar 03 13:27:06 MST 2022] - INFO client.Client: 	Setting passoffrequest method to GET
[Thu Mar 03 13:27:06 MST 2022] - INFO client.Client: 	Request method set to GET
[Thu Mar 03 13:27:06 MST 2022] - INFO client.Client: 	Setting Do Output to false
[Thu Mar 03 13:27:06 MST 2022] - INFO client.Client: 	Do Output set to false
[Thu Mar 03 13:27:06 MST 2022] - INFO client.Client: 	Connecting to server
[Thu Mar 03 13:27:06 MST 2022] - INFO client.Client: 	Connected to server
[Thu Mar 03 13:27:06 MST 2022] - INFO client.Client: 	Getting response code from server
[Thu Mar 03 13:27:06 MST 2022] - INFO client.Client: 	Response code 200 returned
[Thu Mar 03 13:27:06 MST 2022] - INFO client.Client: 	Getting input stream from server
[Thu Mar 03 13:27:06 MST 2022] - INFO client.Client: 	Reading input stream into a string
[Thu Mar 03 13:27:06 MST 2022] - INFO passoff.ServerTest: 	Setting up Realistic Fill Death Test...
[Thu Mar 03 13:27:06 MST 2022] - INFO client.Proxy: 	Clear called
[Thu Mar 03 13:27:06 MST 2022] - INFO client.Client: 	Post without Request Body called
[Thu Mar 03 13:27:06 MST 2022] - INFO client.Client: 	Attempting to open connection to server
[Thu Mar 03 13:27:06 MST 2022] - INFO client.Client: 	Connection opened to server
[Thu Mar 03 13:27:06 MST 2022] - INFO client.Client: 	Setting passoffrequest method to POST
[Thu Mar 03 13:27:06 MST 2022] - INFO client.Client: 	Request method set to POST
[Thu Mar 03 13:27:06 MST 2022] - INFO client.Client: 	Setting Do Output to true
[Thu Mar 03 13:27:06 MST 2022] - INFO client.Client: 	Do Output set to true
[Thu Mar 03 13:27:06 MST 2022] - INFO client.Client: 	Connecting to server
[Thu Mar 03 13:27:06 MST 2022] - INFO client.Client: 	Connected to server
[Thu Mar 03 13:27:06 MST 2022] - INFO client.Client: 	Getting response code from server
[Thu Mar 03 13:27:06 MST 2022] - INFO client.Client: 	Response code 200 returned
[Thu Mar 03 13:27:06 MST 2022] - INFO client.Client: 	Getting input stream from server
[Thu Mar 03 13:27:06 MST 2022] - INFO client.Client: 	Reading input stream into a string
[Thu Mar 03 13:27:06 MST 2022] - INFO passoff.ServerTest: 	Running Realistic Fill Death Test...
[Thu Mar 03 13:27:06 MST 2022] - INFO client.Proxy: 	Register called
[Thu Mar 03 13:27:06 MST 2022] - INFO client.Client: 	Post with Request Body called
[Thu Mar 03 13:27:06 MST 2022] - INFO client.Client: 	Attempting to open connection to server
[Thu Mar 03 13:27:06 MST 2022] - INFO client.Client: 	Connection opened to server
[Thu Mar 03 13:27:06 MST 2022] - INFO client.Client: 	Setting passoffrequest method to POST
[Thu Mar 03 13:27:06 MST 2022] - INFO client.Client: 	Request method set to POST
[Thu Mar 03 13:27:06 MST 2022] - INFO client.Client: 	Setting Do Output to true
[Thu Mar 03 13:27:06 MST 2022] - INFO client.Client: 	Do Output set to true
[Thu Mar 03 13:27:06 MST 2022] - INFO client.Client: 	Connecting to server
[Thu Mar 03 13:27:06 MST 2022] - INFO client.Client: 	Connected to server
[Thu Mar 03 13:27:06 MST 2022] - INFO client.Client: 	Opening output stream to server
[Thu Mar 03 13:27:06 MST 2022] - INFO client.Client: 	Writing passoffrequest to server output stream
[Thu Mar 03 13:27:06 MST 2022] - INFO client.Client: 	Request written to server output stream
[Thu Mar 03 13:27:06 MST 2022] - INFO client.Client: 	Closing output stream to server
[Thu Mar 03 13:27:06 MST 2022] - INFO client.Client: 	Output stream to server closed
[Thu Mar 03 13:27:06 MST 2022] - INFO client.Client: 	Getting response code from server
[Thu Mar 03 13:27:06 MST 2022] - INFO client.Client: 	Response code 200 returned
[Thu Mar 03 13:27:06 MST 2022] - INFO client.Client: 	Getting input stream from server
[Thu Mar 03 13:27:06 MST 2022] - INFO client.Client: 	Reading input stream into a string
[Thu Mar 03 13:27:06 MST 2022] - INFO client.Proxy: 	Persons called
[Thu Mar 03 13:27:06 MST 2022] - INFO client.Client: 	Get with Auth Token called
[Thu Mar 03 13:27:06 MST 2022] - INFO client.Client: 	Attempting to open connection to server
[Thu Mar 03 13:27:06 MST 2022] - INFO client.Client: 	Connection opened to server
[Thu Mar 03 13:27:06 MST 2022] - INFO client.Client: 	Setting passoffrequest method to GET
[Thu Mar 03 13:27:06 MST 2022] - INFO client.Client: 	Request method set to GET
[Thu Mar 03 13:27:06 MST 2022] - INFO client.Client: 	Setting Do Output to false
[Thu Mar 03 13:27:06 MST 2022] - INFO client.Client: 	Do Output set to false
[Thu Mar 03 13:27:06 MST 2022] - INFO client.Client: 	Adding Auth token ab4de88e-1fbb-4477-b9d3-7f20dc727889
[Thu Mar 03 13:27:06 MST 2022] - INFO client.Client: 	Auth token set to ab4de88e-1fbb-4477-b9d3-7f20dc727889
[Thu Mar 03 13:27:06 MST 2022] - INFO client.Client: 	Connecting to server
[Thu Mar 03 13:27:06 MST 2022] - INFO client.Client: 	Connected to server
[Thu Mar 03 13:27:06 MST 2022] - INFO client.Client: 	Getting response code from server
